  Source.cpp
D:\tuga\New folder\Tugas grafkom\Tugas grafkom\Source.cpp(22,28): warning C4305: 'argument': truncation from 'double' to 'GLfloat'
D:\tuga\New folder\Tugas grafkom\Tugas grafkom\Source.cpp(31,28): warning C4305: 'argument': truncation from 'double' to 'GLfloat'
D:\tuga\New folder\Tugas grafkom\Tugas grafkom\Source.cpp(41,28): warning C4305: 'argument': truncation from 'double' to 'GLfloat'
D:\tuga\New folder\Tugas grafkom\Tugas grafkom\Source.cpp(51,28): warning C4305: 'argument': truncation from 'double' to 'GLfloat'
D:\tuga\New folder\Tugas grafkom\Tugas grafkom\Source.cpp(58,28): warning C4305: 'argument': truncation from 'double' to 'GLfloat'
D:\tuga\New folder\Tugas grafkom\Tugas grafkom\Source.cpp(65,28): warning C4305: 'argument': truncation from 'double' to 'GLfloat'
D:\tuga\New folder\Tugas grafkom\Tugas grafkom\Source.cpp(72,28): warning C4305: 'argument': truncation from 'double' to 'GLfloat'
D:\tuga\New folder\Tugas grafkom\Tugas grafkom\Source.cpp(83,28): warning C4305: 'argument': truncation from 'double' to 'GLfloat'
D:\tuga\New folder\Tugas grafkom\Tugas grafkom\Source.cpp(90,28): warning C4305: 'argument': truncation from 'double' to 'GLfloat'
D:\tuga\New folder\Tugas grafkom\Tugas grafkom\Source.cpp(97,28): warning C4305: 'argument': truncation from 'double' to 'GLfloat'
D:\tuga\New folder\Tugas grafkom\Tugas grafkom\Source.cpp(108,28): warning C4305: 'argument': truncation from 'double' to 'GLfloat'
D:\tuga\New folder\Tugas grafkom\Tugas grafkom\Source.cpp(116,28): warning C4305: 'argument': truncation from 'double' to 'GLfloat'
D:\tuga\New folder\Tugas grafkom\Tugas grafkom\Source.cpp(131,28): warning C4305: 'argument': truncation from 'double' to 'GLfloat'
D:\tuga\New folder\Tugas grafkom\Tugas grafkom\Source.cpp(140,28): warning C4305: 'argument': truncation from 'double' to 'GLfloat'
D:\tuga\New folder\Tugas grafkom\Tugas grafkom\Source.cpp(147,28): warning C4305: 'argument': truncation from 'double' to 'GLfloat'
D:\tuga\New folder\Tugas grafkom\Tugas grafkom\Source.cpp(155,28): warning C4305: 'argument': truncation from 'double' to 'GLfloat'
D:\tuga\New folder\Tugas grafkom\Tugas grafkom\Source.cpp(163,28): warning C4305: 'argument': truncation from 'double' to 'GLfloat'
D:\tuga\New folder\Tugas grafkom\Tugas grafkom\Source.cpp(172,28): warning C4305: 'argument': truncation from 'double' to 'GLfloat'
D:\tuga\New folder\Tugas grafkom\Tugas grafkom\Source.cpp(180,28): warning C4305: 'argument': truncation from 'double' to 'GLfloat'
D:\tuga\New folder\Tugas grafkom\Tugas grafkom\Source.cpp(190,28): warning C4305: 'argument': truncation from 'double' to 'GLfloat'
D:\tuga\New folder\Tugas grafkom\Tugas grafkom\Source.cpp(200,28): warning C4305: 'argument': truncation from 'double' to 'GLfloat'
D:\tuga\New folder\Tugas grafkom\Tugas grafkom\Source.cpp(208,28): warning C4305: 'argument': truncation from 'double' to 'GLfloat'
D:\tuga\New folder\Tugas grafkom\Tugas grafkom\Source.cpp(216,29): warning C4305: 'argument': truncation from 'double' to 'GLfloat'
D:\tuga\New folder\Tugas grafkom\Tugas grafkom\Source.cpp(224,28): warning C4305: 'argument': truncation from 'double' to 'GLfloat'
D:\tuga\New folder\Tugas grafkom\Tugas grafkom\Source.cpp(232,28): warning C4305: 'argument': truncation from 'double' to 'GLfloat'
  Generating code
  0 of 5 functions ( 0.0%) were compiled, the rest were copied from previous compilation.
    0 functions were new in current compilation
    0 functions had inline decision re-evaluated but remain unchanged
  Finished generating code
  Tugas grafkom.vcxproj -> D:\tuga\New folder\Tugas grafkom\x64\Release\Tugas grafkom.exe
